Log file open, 06/03/19 11:47:34
LogWindows: Failed to load 'aqProf.dll' (GetLastError=126)
LogWindows: File 'aqProf.dll' does not exist
LogWindows: Failed to load 'VtuneApi.dll' (GetLastError=126)
LogWindows: File 'VtuneApi.dll' does not exist
LogWindows: Failed to load 'VtuneApi32e.dll' (GetLastError=126)
LogWindows: File 'VtuneApi32e.dll' does not exist
LogConsoleResponse: Display: Failed to find resolution value strings in scalability ini. Falling back to default.
LogInit: Display: Running engine for game: EditExtend01
LogPakFile: Registered encryption key '00000000000000000000000000000000': 0 pak files mounted, 0 remain pending
LogPlatformFile: Not using cached read wrapper
LogTaskGraph: Started task graph with 5 named threads and 35 total threads with 3 sets of task threads.
LogStats: Stats thread started at 0.564130
LogD3D11RHI: Loaded GFSDK_Aftermath_Lib.x64.dll
LogICUInternationalization: ICU TimeZone Detection - Raw Offset: +8:00, Platform Override: ''
LogPluginManager: Mounting plugin Paper2D
LogPluginManager: Mounting plugin AISupport
LogPluginManager: Mounting plugin LightPropagationVolume
LogPluginManager: Mounting plugin ActorLayerUtilities
LogPluginManager: Mounting plugin CLionSourceCodeAccess
LogPluginManager: Mounting plugin CodeLiteSourceCodeAccess
LogPluginManager: Mounting plugin GitSourceControl
LogPluginManager: Mounting plugin KDevelopSourceCodeAccess
LogPluginManager: Mounting plugin NullSourceCodeAccess
LogPluginManager: Mounting plugin PerforceSourceControl
LogPluginManager: Mounting plugin SubversionSourceControl
LogPluginManager: Mounting plugin UObjectPlugin
LogPluginManager: Mounting plugin VisualStudioCodeSourceCodeAccess
LogPluginManager: Mounting plugin VisualStudioSourceCodeAccess
LogPluginManager: Mounting plugin XCodeSourceCodeAccess
LogPluginManager: Mounting plugin AssetManagerEditor
LogPluginManager: Mounting plugin CryptoKeys
LogPluginManager: Mounting plugin DataValidation
LogPluginManager: Mounting plugin FacialAnimation
LogPluginManager: Mounting plugin GameplayTagsEditor
LogPluginManager: Mounting plugin MacGraphicsSwitching
LogPluginManager: Mounting plugin MeshEditor
LogPluginManager: Mounting plugin MobileLauncherProfileWizard
LogPluginManager: Mounting plugin PluginBrowser
LogPluginManager: Mounting plugin SpeedTreeImporter
LogPluginManager: Mounting plugin DatasmithContent
LogPluginManager: Mounting plugin VariantManagerContent
LogPluginManager: Mounting plugin AlembicImporter
LogPluginManager: Mounting plugin AppleImageUtils
LogPluginManager: Mounting plugin AppleVision
LogPluginManager: Mounting plugin BackChannel
LogPluginManager: Mounting plugin CharacterAI
LogPluginManager: Mounting plugin GeometryCache
LogPluginManager: Mounting plugin HTML5Networking
LogPluginManager: Mounting plugin ProxyLODPlugin
LogPluginManager: Mounting plugin MagicLeap
LogPluginManager: Mounting plugin MagicLeapMedia
LogPluginManager: Mounting plugin AndroidMedia
LogPluginManager: Mounting plugin AvfMedia
LogPluginManager: Mounting plugin ImgMedia
LogPluginManager: Mounting plugin LinearTimecode
LogPluginManager: Mounting plugin MediaCompositing
LogPluginManager: Mounting plugin MediaPlayerEditor
LogPluginManager: Mounting plugin WebMMedia
LogPluginManager: Mounting plugin WmfMedia
LogPluginManager: Mounting plugin TcpMessaging
LogPluginManager: Mounting plugin UdpMessaging
LogPluginManager: Mounting plugin ActorSequence
LogPluginManager: Mounting plugin LevelSequenceEditor
LogPluginManager: Mounting plugin MatineeToLevelSequence
LogPluginManager: Mounting plugin NetcodeUnitTest
LogPluginManager: Mounting plugin NUTUnrealEngine4
LogPluginManager: Mounting plugin OnlineSubsystemGooglePlay
LogPluginManager: Mounting plugin OnlineSubsystemIOS
LogPluginManager: Mounting plugin OnlineSubsystem
LogPluginManager: Mounting plugin OnlineSubsystemNull
LogPluginManager: Mounting plugin OnlineSubsystemUtils
LogPluginManager: Mounting plugin LauncherChunkInstaller
LogPluginManager: Mounting plugin AndroidDeviceProfileSelector
LogPluginManager: Mounting plugin AndroidMoviePlayer
LogPluginManager: Mounting plugin AndroidPermission
LogPluginManager: Mounting plugin AppleMoviePlayer
LogPluginManager: Mounting plugin ArchVisCharacter
LogPluginManager: Mounting plugin AudioCapture
LogPluginManager: Mounting plugin CableComponent
LogPluginManager: Mounting plugin CustomMeshComponent
LogPluginManager: Mounting plugin EditableMesh
LogPluginManager: Mounting plugin ExampleDeviceProfileSelector
LogPluginManager: Mounting plugin Firebase
LogPluginManager: Mounting plugin GoogleCloudMessaging
LogPluginManager: Mounting plugin IOSDeviceProfileSelector
LogPluginManager: Mounting plugin LinuxDeviceProfileSelector
LogPluginManager: Mounting plugin LocationServicesBPLibrary
LogPluginManager: Mounting plugin MobilePatchingUtils
LogPluginManager: Mounting plugin OculusVR
LogPluginManager: Mounting plugin PhysXVehicles
LogPluginManager: Mounting plugin ProceduralMeshComponent
LogPluginManager: Mounting plugin RuntimePhysXCooking
LogPluginManager: Mounting plugin SteamVR
LogPluginManager: Mounting plugin WebMMoviePlayer
LogPluginManager: Mounting plugin WindowsMoviePlayer
LogPluginManager: Mounting plugin ExtendEditor
LogStreaming: Display: Took  0.138s to configure plugins.
LogInit: Using libcurl 7.55.1-DEV
LogInit:  - built for x86_64-pc-win32
LogInit:  - supports SSL with OpenSSL/1.0.2h
LogInit:  - supports HTTP deflate (compression) using libz 1.2.8
LogInit:  - other features:
LogInit:      CURL_VERSION_SSL
LogInit:      CURL_VERSION_LIBZ
LogInit:      CURL_VERSION_IPV6
LogInit:      CURL_VERSION_ASYNCHDNS
LogInit:      CURL_VERSION_LARGEFILE
LogInit:      CURL_VERSION_IDN
LogInit:  CurlRequestOptions (configurable via config and command line):
LogInit:  - bVerifyPeer = true  - Libcurl will verify peer certificate
LogInit:  - bUseHttpProxy = false  - Libcurl will NOT use HTTP proxy
LogInit:  - bDontReuseConnections = false  - Libcurl will reuse connections
LogInit:  - MaxHostConnections = 16  - Libcurl will limit the number of connections to a host
LogInit:  - LocalHostAddr = Default
LogInit:  - BufferSize = 65536
LogInit: WinSock: version 1.1 (2.2), MaxSocks=32767, MaxUdp=65467
LogInit: Build: ++UE4+Release-4.21-CL-4753647
LogInit: Engine Version: 4.21.2-4753647+++UE4+Release-4.21
LogInit: Compatible Engine Version: 4.21.0-4541578+++UE4+Release-4.21
LogInit: Net CL: 4541578
LogInit: OS: Windows 10 (), CPU: Intel(R) Core(TM) i7-8700K CPU @ 3.70GHz, GPU: NVIDIA GeForce GTX 1060 6GB
LogInit: Compiled (64-bit): Jan 19 2019 02:07:31
LogInit: Compiled with Visual C++: 19.13.26129.00
LogInit: Build Configuration: Development
LogInit: Branch Name: ++UE4+Release-4.21
LogInit: Command Line:  -skipcompile
LogInit: Base Directory: F:/UnrealRes/UE_4.21/Engine/Binaries/Win64/
LogInit: Installed Engine Build: 1
LogDevObjectVersion: Number of dev versions registered: 22
LogDevObjectVersion:   Dev-Blueprints (B0D832E4-1F89-4F0D-ACCF-7EB736FD4AA2): 10
LogDevObjectVersion:   Dev-Build (E1C64328-A22C-4D53-A36C-8E866417BD8C): 0
LogDevObjectVersion:   Dev-Core (375EC13C-06E4-48FB-B500-84F0262A717E): 2
LogDevObjectVersion:   Dev-Editor (E4B068ED-F494-42E9-A231-DA0B2E46BB41): 26
LogDevObjectVersion:   Dev-Framework (CFFC743F-43B0-4480-9391-14DF171D2073): 34
LogDevObjectVersion:   Dev-Mobile (B02B49B5-BB20-44E9-A304-32B752E40360): 2
LogDevObjectVersion:   Dev-Networking (A4E4105C-59A1-49B5-A7C5-40C4547EDFEE): 0
LogDevObjectVersion:   Dev-Online (39C831C9-5AE6-47DC-9A44-9C173E1C8E7C): 0
LogDevObjectVersion:   Dev-Physics (78F01B33-EBEA-4F98-B9B4-84EACCB95AA2): 0
LogDevObjectVersion:   Dev-Platform (6631380F-2D4D-43E0-8009-CF276956A95A): 0
LogDevObjectVersion:   Dev-Rendering (12F88B9F-8875-4AFC-A67C-D90C383ABD29): 27
LogDevObjectVersion:   Dev-Sequencer (7B5AE74C-D270-4C10-A958-57980B212A5A): 9
LogDevObjectVersion:   Dev-VR (D7296918-1DD6-4BDD-9DE2-64A83CC13884): 2
LogDevObjectVersion:   Dev-LoadTimes (C2A15278-BFE7-4AFE-6C17-90FF531DF755): 1
LogDevObjectVersion:   Private-Geometry (6EACA3D4-40EC-4CC1-B786-8BED09428FC5): 3
LogDevObjectVersion:   Dev-AnimPhys (29E575DD-E0A3-4627-9D10-D276232CDCEA): 17
LogDevObjectVersion:   Dev-Anim (AF43A65D-7FD3-4947-9873-3E8ED9C1BB05): 2
LogDevObjectVersion:   Dev-ReflectionCapture (6B266CEC-1EC7-4B8F-A30B-E4D90942FC07): 1
LogDevObjectVersion:   Dev-Automation (0DF73D61-A23F-47EA-B727-89E90C41499A): 1
LogDevObjectVersion:   FortniteMain (601D1886-AC64-4F84-AA16-D3DE0DEAC7D6): 17
LogDevObjectVersion:   Dev-Enterprise (9DFFBCD6-494F-0158-E221-12823C92A888): 4
LogDevObjectVersion:   Dev-Niagara (F2AED0AC-9AFE-416F-8664-AA7FFA26D6FC): 1
LogStreaming: Display: Took  0.000s to delete old logs.
LogInit: Presizing for max 8388607 objects, including 0 objects not considered by GC, pre-allocating 0 bytes for permanent pool.
LogInit: Object subsystem initialized
LogConfig: Setting CVar [[con.DebugEarlyDefault:1]]
LogConfig: Setting CVar [[r.setres:1280x720]]
[2019.06.03-03.47.34:898][  0]LogConfig: Setting CVar [[r.VSync:0]]
[2019.06.03-03.47.34:898][  0]LogConfig: Setting CVar [[r.RHICmdBypass:0]]
[2019.06.03-03.47.34:898][  0]LogConfig: Applying CVar settings from Section [/Script/Engine.RendererSettings] File [F:/selfSpace/UEProje/EditExtend01/Saved/Config/Windows/Engine.ini]
[2019.06.03-03.47.34:898][  0]LogConfig: Setting CVar [[r.GPUCrashDebugging:0]]
[2019.06.03-03.47.34:898][  0]LogConfig: Applying CVar settings from Section [/Script/Engine.RendererOverrideSettings] File [F:/selfSpace/UEProje/EditExtend01/Saved/Config/Windows/Engine.ini]
[2019.06.03-03.47.34:898][  0]LogConfig: Applying CVar settings from Section [/Script/Engine.StreamingSettings] File [F:/selfSpace/UEProje/EditExtend01/Saved/Config/Windows/Engine.ini]
[2019.06.03-03.47.34:898][  0]LogConfig: Setting CVar [[s.MinBulkDataSizeForAsyncLoading:131072]]
[2019.06.03-03.47.34:898][  0]LogConfig: Setting CVar [[s.AsyncLoadingThreadEnabled:0]]
[2019.06.03-03.47.34:898][  0]LogConfig: Setting CVar [[s.EventDrivenLoaderEnabled:1]]
[2019.06.03-03.47.34:899][  0]LogConfig: Setting CVar [[s.WarnIfTimeLimitExceeded:0]]
[2019.06.03-03.47.34:899][  0]LogConfig: Setting CVar [[s.TimeLimitExceededMultiplier:1.5]]
[2019.06.03-03.47.34:899][  0]LogConfig: Setting CVar [[s.TimeLimitExceededMinTime:0.005]]
[2019.06.03-03.47.34:899][  0]LogConfig: Setting CVar [[s.UseBackgroundLevelStreaming:1]]
[2019.06.03-03.47.34:899][  0]LogConfig: Setting CVar [[s.PriorityAsyncLoadingExtraTime:15.0]]
[2019.06.03-03.47.34:899][  0]LogConfig: Setting CVar [[s.LevelStreamingActorsUpdateTimeLimit:5.0]]
[2019.06.03-03.47.34:899][  0]LogConfig: Setting CVar [[s.PriorityLevelStreamingActorsUpdateExtraTime:5.0]]
[2019.06.03-03.47.34:899][  0]LogConfig: Setting CVar [[s.LevelStreamingComponentsRegistrationGranularity:10]]
[2019.06.03-03.47.34:899][  0]LogConfig: Setting CVar [[s.UnregisterComponentsTimeLimit:1.0]]
[2019.06.03-03.47.34:899][  0]LogConfig: Setting CVar [[s.LevelStreamingComponentsUnregistrationGranularity:5]]
[2019.06.03-03.47.34:899][  0]LogConfig: Applying CVar settings from Section [/Script/Engine.GarbageCollectionSettings] File [F:/selfSpace/UEProje/EditExtend01/Saved/Config/Windows/Engine.ini]
[2019.06.03-03.47.34:899][  0]LogConfig: Setting CVar [[gc.MaxObjectsNotConsideredByGC:1]]
[2019.06.03-03.47.34:899][  0]LogConfig: Setting CVar [[gc.SizeOfPermanentObjectPool:0]]
[2019.06.03-03.47.34:899][  0]LogConfig: Setting CVar [[gc.FlushStreamingOnGC:0]]
[2019.06.03-03.47.34:900][  0]LogConfig: Setting CVar [[gc.NumRetriesBeforeForcingGC:10]]
[2019.06.03-03.47.34:900][  0]LogConfig: Setting CVar [[gc.AllowParallelGC:1]]
[2019.06.03-03.47.34:900][  0]LogConfig: Setting CVar [[gc.TimeBetweenPurgingPendingKillObjects:61.1]]
[2019.06.03-03.47.34:900][  0]LogConfig: Setting CVar [[gc.MaxObjectsInEditor:8388607]]
[2019.06.03-03.47.34:900][  0]LogConfig: Setting CVar [[gc.IncrementalBeginDestroyEnabled:1]]
[2019.06.03-03.47.34:900][  0]LogConfig: Setting CVar [[gc.CreateGCClusters:1]]
[2019.06.03-03.47.34:900][  0]LogConfig: Setting CVar [[gc.MergeGCClusters:0]]
[2019.06.03-03.47.34:900][  0]LogConfig: Setting CVar [[gc.MinGCClusterSize:5]]
[2019.06.03-03.47.34:900][  0]LogConfig: Setting CVar [[gc.ActorClusteringEnabled:0]]
[2019.06.03-03.47.34:900][  0]LogConfig: Setting CVar [[gc.BlueprintClusteringEnabled:0]]
[2019.06.03-03.47.34:900][  0]LogConfig: Setting CVar [[gc.UseDisregardForGCOnDedicatedServers:0]]
[2019.06.03-03.47.34:900][  0]LogConfig: Applying CVar settings from Section [/Script/Engine.NetworkSettings] File [F:/selfSpace/UEProje/EditExtend01/Saved/Config/Windows/Engine.ini]
[2019.06.03-03.47.34:900][  0]LogConfig: Applying CVar settings from Section [/Script/UnrealEd.CookerSettings] File [F:/selfSpace/UEProje/EditExtend01/Saved/Config/Windows/Engine.ini]
[2019.06.03-03.47.34:915][  0]LogConfig: Applying CVar settings from Section [ViewDistanceQuality@3] File [F:/selfSpace/UEProje/EditExtend01/Saved/Config/Windows/Scalability.ini]
[2019.06.03-03.47.34:915][  0]LogConfig: Setting CVar [[r.SkeletalMeshLODBias:0]]
[2019.06.03-03.47.34:915][  0]LogConfig: Setting CVar [[r.ViewDistanceScale:1.0]]
[2019.06.03-03.47.34:915][  0]LogConfig: Applying CVar settings from Section [AntiAliasingQuality@3] File [F:/selfSpace/UEProje/EditExtend01/Saved/Config/Windows/Scalability.ini]
[2019.06.03-03.47.34:915][  0]LogConfig: Setting CVar [[r.PostProcessAAQuality:4]]
[2019.06.03-03.47.34:915][  0]LogConfig: Applying CVar settings from Section [ShadowQuality@3] File [F:/selfSpace/UEProje/EditExtend01/Saved/Config/Windows/Scalability.ini]
[2019.06.03-03.47.34:915][  0]LogConfig: Setting CVar [[r.LightFunctionQuality:1]]
[2019.06.03-03.47.34:915][  0]LogConfig: Setting CVar [[r.ShadowQuality:5]]
[2019.06.03-03.47.34:915][  0]LogConfig: Setting CVar [[r.Shadow.CSM.MaxCascades:10]]
[2019.06.03-03.47.34:915][  0]LogConfig: Setting CVar [[r.Shadow.MaxResolution:2048]]
[2019.06.03-03.47.34:916][  0]LogConfig: Setting CVar [[r.Shadow.MaxCSMResolution:2048]]
[2019.06.03-03.47.34:916][  0]LogConfig: Setting CVar [[r.Shadow.RadiusThreshold:0.01]]
[2019.06.03-03.47.34:916][  0]LogConfig: Setting CVar [[r.Shadow.DistanceScale:1.0]]
[2019.06.03-03.47.34:916][  0]LogConfig: Setting CVar [[r.Shadow.CSM.TransitionScale:1.0]]
[2019.06.03-03.47.34:916][  0]LogConfig: Setting CVar [[r.Shadow.PreShadowResolutionFactor:1.0]]
[2019.06.03-03.47.34:916][  0]LogConfig: Setting CVar [[r.DistanceFieldShadowing:1]]
[2019.06.03-03.47.34:916][  0]LogConfig: Setting CVar [[r.DistanceFieldAO:1]]
[2019.06.03-03.47.34:916][  0]LogConfig: Setting CVar [[r.AOQuality:2]]
[2019.06.03-03.47.34:916][  0]LogConfig: Setting CVar [[r.VolumetricFog:1]]
[2019.06.03-03.47.34:916][  0]LogConfig: Setting CVar [[r.VolumetricFog.GridPixelSize:8]]
[2019.06.03-03.47.34:917][  0]LogConfig: Setting CVar [[r.VolumetricFog.GridSizeZ:128]]
[2019.06.03-03.47.34:917][  0]LogConfig: Setting CVar [[r.VolumetricFog.HistoryMissSupersampleCount:4]]
[2019.06.03-03.47.34:917][  0]LogConfig: Setting CVar [[r.LightMaxDrawDistanceScale:1]]
[2019.06.03-03.47.34:917][  0]LogConfig: Setting CVar [[r.CapsuleShadows:1]]
[2019.06.03-03.47.34:917][  0]LogConfig: Applying CVar settings from Section [PostProcessQuality@3] File [F:/selfSpace/UEProje/EditExtend01/Saved/Config/Windows/Scalability.ini]
[2019.06.03-03.47.34:917][  0]LogConfig: Setting CVar [[r.MotionBlurQuality:4]]
[2019.06.03-03.47.34:917][  0]LogConfig: Setting CVar [[r.AmbientOcclusionMipLevelFactor:0.4]]
[2019.06.03-03.47.34:917][  0]LogConfig: Setting CVar [[r.AmbientOcclusionMaxQuality:100]]
[2019.06.03-03.47.34:917][  0]LogConfig: Setting CVar [[r.AmbientOcclusionLevels:-1]]
[2019.06.03-03.47.34:917][  0]LogConfig: Setting CVar [[r.AmbientOcclusionRadiusScale:1.0]]
[2019.06.03-03.47.34:917][  0]LogConfig: Setting CVar [[r.DepthOfFieldQuality:2]]
[2019.06.03-03.47.34:917][  0]LogConfig: Setting CVar [[r.RenderTargetPoolMin:400]]
[2019.06.03-03.47.34:917][  0]LogConfig: Setting CVar [[r.LensFlareQuality:2]]
[2019.06.03-03.47.34:918][  0]LogConfig: Setting CVar [[r.SceneColorFringeQuality:1]]
[2019.06.03-03.47.34:918][  0]LogConfig: Setting CVar [[r.EyeAdaptationQuality:2]]
[2019.06.03-03.47.34:918][  0]LogConfig: Setting CVar [[r.BloomQuality:5]]
[2019.06.03-03.47.34:918][  0]LogConfig: Setting CVar [[r.FastBlurThreshold:100]]
[2019.06.03-03.47.34:918][  0]LogConfig: Setting CVar [[r.Upscale.Quality:3]]
[2019.06.03-03.47.34:918][  0]LogConfig: Setting CVar [[r.Tonemapper.GrainQuantization:1]]
[2019.06.03-03.47.34:918][  0]LogConfig: Setting CVar [[r.LightShaftQuality:1]]
[2019.06.03-03.47.34:918][  0]LogConfig: Setting CVar [[r.Filter.SizeScale:1]]
[2019.06.03-03.47.34:918][  0]LogConfig: Setting CVar [[r.Tonemapper.Quality:5]]
[2019.06.03-03.47.34:918][  0]LogConfig: Setting CVar [[r.DOF.Gather.AccumulatorQuality:1        ; higher gathering accumulator quality]]
[2019.06.03-03.47.34:918][  0]LogConfig: Setting CVar [[r.DOF.Gather.PostfilterMethod:1          ; Median3x3 postfilering method]]
[2019.06.03-03.47.34:918][  0]LogConfig: Setting CVar [[r.DOF.Gather.EnableBokehSettings:0       ; no bokeh simulation when gathering]]
[2019.06.03-03.47.34:919][  0]LogConfig: Setting CVar [[r.DOF.Gather.RingCount:4                 ; medium number of samples when gathering]]
[2019.06.03-03.47.34:919][  0]LogConfig: Setting CVar [[r.DOF.Scatter.ForegroundCompositing:1    ; additive foreground scattering]]
[2019.06.03-03.47.34:919][  0]LogConfig: Setting CVar [[r.DOF.Scatter.BackgroundCompositing:2    ; additive background scattering]]
[2019.06.03-03.47.34:919][  0]LogConfig: Setting CVar [[r.DOF.Scatter.EnableBokehSettings:1      ; bokeh simulation when scattering]]
[2019.06.03-03.47.34:919][  0]LogConfig: Setting CVar [[r.DOF.Scatter.MaxSpriteRatio:0.1         ; only a maximum of 10% of scattered bokeh]]
[2019.06.03-03.47.34:919][  0]LogConfig: Setting CVar [[r.DOF.Recombine.Quality:1                ; cheap slight out of focus]]
[2019.06.03-03.47.34:919][  0]LogConfig: Setting CVar [[r.DOF.Recombine.EnableBokehSettings:0    ; no bokeh simulation on slight out of focus]]
[2019.06.03-03.47.34:919][  0]LogConfig: Setting CVar [[r.DOF.TemporalAAQuality:1                ; more stable temporal accumulation]]
[2019.06.03-03.47.34:919][  0]LogConfig: Setting CVar [[r.DOF.Kernel.MaxForegroundRadius:0.025]]
[2019.06.03-03.47.34:919][  0]LogConfig: Setting CVar [[r.DOF.Kernel.MaxBackgroundRadius:0.025]]
[2019.06.03-03.47.34:919][  0]LogConfig: Applying CVar settings from Section [TextureQuality@3] File [F:/selfSpace/UEProje/EditExtend01/Saved/Config/Windows/Scalability.ini]
[2019.06.03-03.47.34:919][  0]LogConfig: Setting CVar [[r.Streaming.MipBias:0]]
[2019.06.03-03.47.34:919][  0]LogConfig: Setting CVar [[r.Streaming.AmortizeCPUToGPUCopy:0]]
[2019.06.03-03.47.34:919][  0]LogConfig: Setting CVar [[r.Streaming.MaxNumTexturesToStreamPerFrame:0]]
[2019.06.03-03.47.34:919][  0]LogConfig: Setting CVar [[r.Streaming.Boost:1]]
[2019.06.03-03.47.34:920][  0]LogConfig: Setting CVar [[r.MaxAnisotropy:8]]
[2019.06.03-03.47.34:920][  0]LogConfig: Setting CVar [[r.Streaming.LimitPoolSizeToVRAM:0]]
[2019.06.03-03.47.34:920][  0]LogConfig: Setting CVar [[r.Streaming.PoolSize:1000]]
[2019.06.03-03.47.34:920][  0]LogConfig: Setting CVar [[r.Streaming.MaxEffectiveScreenSize:0]]
[2019.06.03-03.47.34:920][  0]LogConfig: Applying CVar settings from Section [EffectsQuality@3] File [F:/selfSpace/UEProje/EditExtend01/Saved/Config/Windows/Scalability.ini]
[2019.06.03-03.47.34:920][  0]LogConfig: Setting CVar [[r.TranslucencyLightingVolumeDim:64]]
[2019.06.03-03.47.34:920][  0]LogConfig: Setting CVar [[r.RefractionQuality:2]]
[2019.06.03-03.47.34:920][  0]LogConfig: Setting CVar [[r.SSR.Quality:3]]
[2019.06.03-03.47.34:920][  0]LogConfig: Setting CVar [[r.SceneColorFormat:4]]
[2019.06.03-03.47.34:920][  0]LogConfig: Setting CVar [[r.DetailMode:2]]
[2019.06.03-03.47.34:920][  0]LogConfig: Setting CVar [[r.TranslucencyVolumeBlur:1]]
[2019.06.03-03.47.34:920][  0]LogConfig: Setting CVar [[r.MaterialQualityLevel:1 ; High quality]]
[2019.06.03-03.47.34:920][  0]LogConfig: Setting CVar [[r.SSS.Scale:1]]
[2019.06.03-03.47.34:920][  0]LogConfig: Setting CVar [[r.SSS.SampleSet:2]]
[2019.06.03-03.47.34:921][  0]LogConfig: Setting CVar [[r.SSS.Quality:1]]
[2019.06.03-03.47.34:921][  0]LogConfig: Setting CVar [[r.SSS.HalfRes:1]]
[2019.06.03-03.47.34:921][  0]LogConfig: Setting CVar [[r.EmitterSpawnRateScale:1.0]]
[2019.06.03-03.47.34:921][  0]LogConfig: Setting CVar [[r.ParticleLightQuality:2]]
[2019.06.03-03.47.34:921][  0]LogConfig: Applying CVar settings from Section [FoliageQuality@3] File [F:/selfSpace/UEProje/EditExtend01/Saved/Config/Windows/Scalability.ini]
[2019.06.03-03.47.34:921][  0]LogConfig: Setting CVar [[foliage.DensityScale:1.0]]
[2019.06.03-03.47.34:921][  0]LogConfig: Setting CVar [[grass.DensityScale:1.0]]
[2019.06.03-03.47.34:921][  0]LogInit: Selected Device Profile: [Windows]
[2019.06.03-03.47.34:921][  0]LogInit: Applying CVar settings loaded from the selected device profile: [Windows]
[2019.06.03-03.47.34:931][  0]LogHAL: Display: Platform has ~ 32 GB [34308583424 / 34359738368 / 32], which maps to Largest [LargestMinGB=32, LargerMinGB=12, DefaultMinGB=8, SmallerMinGB=6, SmallestMinGB=0)
[2019.06.03-03.47.34:931][  0]LogConfig: Setting CVar [[r.Vulkan.UseRealUBs:1]]
[2019.06.03-03.47.34:931][  0]LogInit: Going up to parent DeviceProfile []
[2019.06.03-03.47.34:932][  0]LogConfig: Applying CVar settings from Section [ViewDistanceQuality@3] File [F:/selfSpace/UEProje/EditExtend01/Saved/Config/Windows/Scalability.ini]
[2019.06.03-03.47.34:932][  0]LogConfig: Setting CVar [[r.SkeletalMeshLODBias:0]]
[2019.06.03-03.47.34:932][  0]LogConfig: Setting CVar [[r.ViewDistanceScale:1.0]]
[2019.06.03-03.47.34:932][  0]LogConfig: Applying CVar settings from Section [AntiAliasingQuality@3] File [F:/selfSpace/UEProje/EditExtend01/Saved/Config/Windows/Scalability.ini]
[2019.06.03-03.47.34:932][  0]LogConfig: Setting CVar [[r.PostProcessAAQuality:4]]
[2019.06.03-03.47.34:932][  0]LogConfig: Applying CVar settings from Section [ShadowQuality@3] File [F:/selfSpace/UEProje/EditExtend01/Saved/Config/Windows/Scalability.ini]
[2019.06.03-03.47.34:932][  0]LogConfig: Setting CVar [[r.LightFunctionQuality:1]]
[2019.06.03-03.47.34:932][  0]LogConfig: Setting CVar [[r.ShadowQuality:5]]
[2019.06.03-03.47.34:932][  0]LogConfig: Setting CVar [[r.Shadow.CSM.MaxCascades:10]]
[2019.06.03-03.47.34:933][  0]LogConfig: Setting CVar [[r.Shadow.MaxResolution:2048]]
[2019.06.03-03.47.34:933][  0]LogConfig: Setting CVar [[r.Shadow.MaxCSMResolution:2048]]
[2019.06.03-03.47.34:933][  0]LogConfig: Setting CVar [[r.Shadow.RadiusThreshold:0.01]]
[2019.06.03-03.47.34:933][  0]LogConfig: Setting CVar [[r.Shadow.DistanceScale:1.0]]
[2019.06.03-03.47.34:933][  0]LogConfig: Setting CVar [[r.Shadow.CSM.TransitionScale:1.0]]
[2019.06.03-03.47.34:933][  0]LogConfig: Setting CVar [[r.Shadow.PreShadowResolutionFactor:1.0]]
[2019.06.03-03.47.34:933][  0]LogConfig: Setting CVar [[r.DistanceFieldShadowing:1]]
[2019.06.03-03.47.34:933][  0]LogConfig: Setting CVar [[r.DistanceFieldAO:1]]
[2019.06.03-03.47.34:933][  0]LogConfig: Setting CVar [[r.AOQuality:2]]
[2019.06.03-03.47.34:933][  0]LogConfig: Setting CVar [[r.VolumetricFog:1]]
[2019.06.03-03.47.34:934][  0]LogConfig: Setting CVar [[r.VolumetricFog.GridPixelSize:8]]
[2019.06.03-03.47.34:934][  0]LogConfig: Setting CVar [[r.VolumetricFog.GridSizeZ:128]]
[2019.06.03-03.47.34:934][  0]LogConfig: Setting CVar [[r.VolumetricFog.HistoryMissSupersampleCount:4]]
[2019.06.03-03.47.34:934][  0]LogConfig: Setting CVar [[r.LightMaxDrawDistanceScale:1]]
[2019.06.03-03.47.34:934][  0]LogConfig: Setting CVar [[r.CapsuleShadows:1]]
[2019.06.03-03.47.34:934][  0]LogConfig: Applying CVar settings from Section [PostProcessQuality@3] File [F:/selfSpace/UEProje/EditExtend01/Saved/Config/Windows/Scalability.ini]
[2019.06.03-03.47.34:934][  0]LogConfig: Setting CVar [[r.MotionBlurQuality:4]]
[2019.06.03-03.47.34:934][  0]LogConfig: Setting CVar [[r.AmbientOcclusionMipLevelFactor:0.4]]
[2019.06.03-03.47.34:934][  0]LogConfig: Setting CVar [[r.AmbientOcclusionMaxQuality:100]]
[2019.06.03-03.47.34:934][  0]LogConfig: Setting CVar [[r.AmbientOcclusionLevels:-1]]
[2019.06.03-03.47.34:934][  0]LogConfig: Setting CVar [[r.AmbientOcclusionRadiusScale:1.0]]
[2019.06.03-03.47.34:934][  0]LogConfig: Setting CVar [[r.DepthOfFieldQuality:2]]
[2019.06.03-03.47.34:935][  0]LogConfig: Setting CVar [[r.RenderTargetPoolMin:400]]
[2019.06.03-03.47.34:935][  0]LogConfig: Setting CVar [[r.LensFlareQuality:2]]
[2019.06.03-03.47.34:935][  0]LogConfig: Setting CVar [[r.SceneColorFringeQuality:1]]
[2019.06.03-03.47.34:935][  0]LogConfig: Setting CVar [[r.EyeAdaptationQuality:2]]
[2019.06.03-03.47.34:935][  0]LogConfig: Setting CVar [[r.BloomQuality:5]]
[2019.06.03-03.47.34:935][  0]LogConfig: Setting CVar [[r.FastBlurThreshold:100]]
[2019.06.03-03.47.34:935][  0]LogConfig: Setting CVar [[r.Upscale.Quality:3]]
[2019.06.03-03.47.34:935][  0]LogConfig: Setting CVar [[r.Tonemapper.GrainQuantization:1]]
[2019.06.03-03.47.34:935][  0]LogConfig: Setting CVar [[r.LightShaftQuality:1]]
[2019.06.03-03.47.34:935][  0]LogConfig: Setting CVar [[r.Filter.SizeScale:1]]
[2019.06.03-03.47.34:936][  0]LogConfig: Setting CVar [[r.Tonemapper.Quality:5]]
[2019.06.03-03.47.34:936][  0]LogConfig: Setting CVar [[r.DOF.Gather.AccumulatorQuality:1        ; higher gathering accumulator quality]]
[2019.06.03-03.47.34:936][  0]LogConfig: Setting CVar [[r.DOF.Gather.PostfilterMethod:1          ; Median3x3 postfilering method]]
[2019.06.03-03.47.34:936][  0]LogConfig: Setting CVar [[r.DOF.Gather.EnableBokehSettings:0       ; no bokeh simulation when gathering]]
[2019.06.03-03.47.34:936][  0]LogConfig: Setting CVar [[r.DOF.Gather.RingCount:4                 ; medium number of samples when gathering]]
[2019.06.03-03.47.34:936][  0]LogConfig: Setting CVar [[r.DOF.Scatter.ForegroundCompositing:1    ; additive foreground scattering]]
[2019.06.03-03.47.34:936][  0]LogConfig: Setting CVar [[r.DOF.Scatter.BackgroundCompositing:2    ; additive background scattering]]
[2019.06.03-03.47.34:936][  0]LogConfig: Setting CVar [[r.DOF.Scatter.EnableBokehSettings:1      ; bokeh simulation when scattering]]
[2019.06.03-03.47.34:936][  0]LogConfig: Setting CVar [[r.DOF.Scatter.MaxSpriteRatio:0.1         ; only a maximum of 10% of scattered bokeh]]
[2019.06.03-03.47.34:936][  0]LogConfig: Setting CVar [[r.DOF.Recombine.Quality:1                ; cheap slight out of focus]]
[2019.06.03-03.47.34:936][  0]LogConfig: Setting CVar [[r.DOF.Recombine.EnableBokehSettings:0    ; no bokeh simulation on slight out of focus]]
[2019.06.03-03.47.34:937][  0]LogConfig: Setting CVar [[r.DOF.TemporalAAQuality:1                ; more stable temporal accumulation]]
[2019.06.03-03.47.34:937][  0]LogConfig: Setting CVar [[r.DOF.Kernel.MaxForegroundRadius:0.025]]
[2019.06.03-03.47.34:937][  0]LogConfig: Setting CVar [[r.DOF.Kernel.MaxBackgroundRadius:0.025]]
[2019.06.03-03.47.34:937][  0]LogConfig: Applying CVar settings from Section [TextureQuality@3] File [F:/selfSpace/UEProje/EditExtend01/Saved/Config/Windows/Scalability.ini]
[2019.06.03-03.47.34:937][  0]LogConfig: Setting CVar [[r.Streaming.MipBias:0]]
[2019.06.03-03.47.34:937][  0]LogConfig: Setting CVar [[r.Streaming.AmortizeCPUToGPUCopy:0]]
[2019.06.03-03.47.34:937][  0]LogConfig: Setting CVar [[r.Streaming.MaxNumTexturesToStreamPerFrame:0]]
[2019.06.03-03.47.34:937][  0]LogConfig: Setting CVar [[r.Streaming.Boost:1]]
[2019.06.03-03.47.34:937][  0]LogConfig: Setting CVar [[r.MaxAnisotropy:8]]
[2019.06.03-03.47.34:937][  0]LogConfig: Setting CVar [[r.Streaming.LimitPoolSizeToVRAM:0]]
[2019.06.03-03.47.34:937][  0]LogConfig: Setting CVar [[r.Streaming.PoolSize:1000]]
[2019.06.03-03.47.34:938][  0]LogConfig: Setting CVar [[r.Streaming.MaxEffectiveScreenSize:0]]
[2019.06.03-03.47.34:938][  0]LogConfig: Applying CVar settings from Section [EffectsQuality@3] File [F:/selfSpace/UEProje/EditExtend01/Saved/Config/Windows/Scalability.ini]
[2019.06.03-03.47.34:938][  0]LogConfig: Setting CVar [[r.TranslucencyLightingVolumeDim:64]]
[2019.06.03-03.47.34:938][  0]LogConfig: Setting CVar [[r.RefractionQuality:2]]
[2019.06.03-03.47.34:938][  0]LogConfig: Setting CVar [[r.SSR.Quality:3]]
[2019.06.03-03.47.34:938][  0]LogConfig: Setting CVar [[r.SceneColorFormat:4]]
[2019.06.03-03.47.34:938][  0]LogConfig: Setting CVar [[r.DetailMode:2]]
[2019.06.03-03.47.34:938][  0]LogConfig: Setting CVar [[r.TranslucencyVolumeBlur:1]]
[2019.06.03-03.47.34:938][  0]LogConfig: Setting CVar [[r.MaterialQualityLevel:1 ; High quality]]
[2019.06.03-03.47.34:938][  0]LogConfig: Setting CVar [[r.SSS.Scale:1]]
[2019.06.03-03.47.34:938][  0]LogConfig: Setting CVar [[r.SSS.SampleSet:2]]
[2019.06.03-03.47.34:939][  0]LogConfig: Setting CVar [[r.SSS.Quality:1]]
[2019.06.03-03.47.34:939][  0]LogConfig: Setting CVar [[r.SSS.HalfRes:1]]
[2019.06.03-03.47.34:939][  0]LogConfig: Setting CVar [[r.EmitterSpawnRateScale:1.0]]
[2019.06.03-03.47.34:939][  0]LogConfig: Setting CVar [[r.ParticleLightQuality:2]]
[2019.06.03-03.47.34:939][  0]LogConfig: Applying CVar settings from Section [FoliageQuality@3] File [F:/selfSpace/UEProje/EditExtend01/Saved/Config/Windows/Scalability.ini]
[2019.06.03-03.47.34:939][  0]LogConfig: Setting CVar [[foliage.DensityScale:1.0]]
[2019.06.03-03.47.34:939][  0]LogConfig: Setting CVar [[grass.DensityScale:1.0]]
[2019.06.03-03.47.34:939][  0]LogConfig: Applying CVar settings from Section [Startup] File [../../../Engine/Config/ConsoleVariables.ini]
[2019.06.03-03.47.34:939][  0]LogConfig: Setting CVar [[net.UseAdaptiveNetUpdateFrequency:0]]
[2019.06.03-03.47.34:940][  0]LogConfig: Applying CVar settings from Section [ConsoleVariables] File [F:/selfSpace/UEProje/EditExtend01/Saved/Config/Windows/Engine.ini]
[2019.06.03-03.47.34:940][  0]LogInit: Computer: DESKTOP-D8STH9P
[2019.06.03-03.47.34:940][  0]LogInit: User: admin
[2019.06.03-03.47.34:940][  0]LogInit: CPU Page size=4096, Cores=6
[2019.06.03-03.47.34:940][  0]LogInit: High frequency timer resolution =3.609374 MHz
[2019.06.03-03.47.34:940][  0]LogMemory: Memory total: Physical=32.0GB (32GB approx)
[2019.06.03-03.47.34:940][  0]LogMemory: Platform Memory Stats for Windows
[2019.06.03-03.47.34:941][  0]LogMemory: Process Physical Memory: 104.80 MB used, 104.80 MB peak
[2019.06.03-03.47.34:941][  0]LogMemory: Process Virtual Memory: 94.20 MB used, 94.20 MB peak
[2019.06.03-03.47.34:941][  0]LogMemory: Physical Memory: 8123.97 MB used,  24595.25 MB free, 32719.21 MB total
[2019.06.03-03.47.34:941][  0]LogMemory: Virtual Memory: 576.64 MB used,  134217152.00 MB free, 134217728.00 MB total
[2019.06.03-03.47.35:102][  0]LogInit: Overriding language with editor language configuration option (en).
[2019.06.03-03.47.35:102][  0]LogInit: Overriding locale with editor locale configuration option (zh).
[2019.06.03-03.47.35:551][  0]LogStreaming: Display: Took  0.449s to InitEngineTextLocalization.
[2019.06.03-03.47.35:552][  0]LogInit: Setting process to per monitor DPI aware
[2019.06.03-03.47.35:600][  0]LogSlate: New Slate User Created.  User Index 0, Is Virtual User: 0
[2019.06.03-03.47.35:600][  0]LogSlate: Slate User Registered.  User Index 0, Is Virtual User: 0
[2019.06.03-03.47.35:813][  0]LogHMD: Failed to initialize OpenVR with code 110
[2019.06.03-03.47.35:813][  0]LogD3D11RHI: D3D11 adapters:
[2019.06.03-03.47.35:912][  0]LogD3D11RHI:    0. 'NVIDIA GeForce GTX 1060 6GB' (Feature Level 11_0)
[2019.06.03-03.47.35:913][  0]LogD3D11RHI:       6052/0/16359 MB DedicatedVideo/DedicatedSystem/SharedSystem, Outputs:2, VendorId:0x10de
[2019.06.03-03.47.35:923][  0]LogD3D11RHI:    1. 'Microsoft Basic Render Driver' (Feature Level 11_0)
[2019.06.03-03.47.35:923][  0]LogD3D11RHI:       0/0/16359 MB DedicatedVideo/DedicatedSystem/SharedSystem, Outputs:0, VendorId:0x1414
[2019.06.03-03.47.35:923][  0]LogD3D11RHI: Chosen D3D11 Adapter: 0
[2019.06.03-03.47.35:930][  0]LogD3D11RHI: Creating new Direct3DDevice
[2019.06.03-03.47.35:930][  0]LogD3D11RHI:     GPU DeviceId: 0x1c03 (for the marketing name, search the web for "GPU Device Id")
[2019.06.03-03.47.35:930][  0]LogWindows: EnumDisplayDevices:
[2019.06.03-03.47.35:931][  0]LogWindows:    0. 'NVIDIA GeForce GTX 1060 6GB' (P:1 D:1)
[2019.06.03-03.47.35:931][  0]LogWindows:    1. 'NVIDIA GeForce GTX 1060 6GB' (P:0 D:1)
[2019.06.03-03.47.35:932][  0]LogWindows:    2. 'NVIDIA GeForce GTX 1060 6GB' (P:0 D:0)
[2019.06.03-03.47.35:933][  0]LogWindows:    3. 'NVIDIA GeForce GTX 1060 6GB' (P:0 D:0)
[2019.06.03-03.47.35:934][  0]LogWindows: DebugString: FoundDriverCount:4 
[2019.06.03-03.47.35:934][  0]LogD3D11RHI:     Adapter Name: NVIDIA GeForce GTX 1060 6GB
[2019.06.03-03.47.35:934][  0]LogD3D11RHI:   Driver Version: 417.71 (internal:25.21.14.1771, unified:417.71)
[2019.06.03-03.47.35:934][  0]LogD3D11RHI:      Driver Date: 1-11-2019
[2019.06.03-03.47.35:934][  0]LogRHI: Texture pool is 4236 MB (70% of 6052 MB)
[2019.06.03-03.47.35:991][  0]LogD3D11RHI: Async texture creation enabled
[2019.06.03-03.47.36:010][  0]LogD3D11RHI: GPU Timing Frequency: 1000.000000 (Debug: 2 2)
[2019.06.03-03.47.36:551][  0]LogTemp: Display: Loaded TP AllDesktopTargetPlatform
[2019.06.03-03.47.36:569][  0]LogTemp: Display: Loaded TP MacClientTargetPlatform
[2019.06.03-03.47.36:587][  0]LogTemp: Display: Loaded TP MacNoEditorTargetPlatform
[2019.06.03-03.47.36:604][  0]LogTemp: Display: Loaded TP MacServerTargetPlatform
[2019.06.03-03.47.36:622][  0]LogTemp: Display: Loaded TP MacTargetPlatform
[2019.06.03-03.47.36:640][  0]LogTemp: Display: Loaded TP WindowsClientTargetPlatform
[2019.06.03-03.47.36:658][  0]LogTemp: Display: Loaded TP WindowsNoEditorTargetPlatform
[2019.06.03-03.47.36:676][  0]LogTemp: Display: Loaded TP WindowsServerTargetPlatform
[2019.06.03-03.47.36:685][  0]LogTemp: Display: Loaded TP WindowsTargetPlatform
[2019.06.03-03.47.36:784][  0]LogTemp: Display: Loaded TP AndroidTargetPlatform
[2019.06.03-03.47.36:784][  0]LogTemp: Display: Loaded TP AndroidTargetPlatform
[2019.06.03-03.47.36:784][  0]LogTemp: Display: Loaded TP AndroidTargetPlatform
[2019.06.03-03.47.36:784][  0]LogTemp: Display: Loaded TP AndroidTargetPlatform
[2019.06.03-03.47.36:784][  0]LogTemp: Display: Loaded TP AndroidTargetPlatform
[2019.06.03-03.47.36:784][  0]LogTemp: Display: Loaded TP AndroidTargetPlatform
[2019.06.03-03.47.36:784][  0]LogTemp: Display: Loaded TP AndroidTargetPlatform
[2019.06.03-03.47.36:784][  0]LogTemp: Display: Loaded TP AndroidTargetPlatform
[2019.06.03-03.47.36:785][  0]LogTemp: Display: Loaded TP AndroidTargetPlatform
[2019.06.03-03.47.36:785][  0]LogTemp: Display: Loaded TP AndroidTargetPlatform
[2019.06.03-03.47.36:785][  0]LogTemp: Display: Loaded TP AndroidTargetPlatform
[2019.06.03-03.47.36:785][  0]LogTemp: Display: Loaded TP AndroidTargetPlatform
[2019.06.03-03.47.36:785][  0]LogTemp: Display: Loaded TP AndroidTargetPlatform
[2019.06.03-03.47.36:785][  0]LogTemp: Display: Loaded TP AndroidTargetPlatform
[2019.06.03-03.47.36:785][  0]LogTemp: Display: Loaded TP AndroidTargetPlatform
[2019.06.03-03.47.36:785][  0]LogTemp: Display: Loaded TP AndroidTargetPlatform
[2019.06.03-03.47.36:785][  0]LogTemp: Display: Loaded TP AndroidTargetPlatform
[2019.06.03-03.47.36:785][  0]LogTemp: Display: Loaded TP AndroidTargetPlatform
[2019.06.03-03.47.36:790][  0]LogTemp: Display: Loaded TP HTML5TargetPlatform
[2019.06.03-03.47.36:867][  0]LogTemp: Display: Loaded TP IOSTargetPlatform
[2019.06.03-03.47.36:867][  0]LogTemp: Display: Loaded TP IOSTargetPlatform
[2019.06.03-03.47.36:898][  0]LogTemp: Display: Loaded TP TVOSTargetPlatform
[2019.06.03-03.47.36:898][  0]LogTemp: Display: Loaded TP TVOSTargetPlatform
[2019.06.03-03.47.36:915][  0]LogTemp: Display: Loaded TP LinuxClientTargetPlatform
[2019.06.03-03.47.36:934][  0]LogTemp: Display: Loaded TP LinuxNoEditorTargetPlatform
[2019.06.03-03.47.36:951][  0]LogTemp: Display: Loaded TP LinuxServerTargetPlatform
[2019.06.03-03.47.36:970][  0]LogTemp: Display: Loaded TP LinuxTargetPlatform
[2019.06.03-03.47.37:030][  0]LogTemp: Display: Loaded TP LuminTargetPlatform
[2019.06.03-03.47.37:030][  0]LogTemp: Display: Loaded TP LuminTargetPlatform
[2019.06.03-03.47.37:031][  0]LogTargetPlatformManager: Display: Building Assets For Windows
[2019.06.03-03.47.37:149][  0]LogShaderCompilers: Guid format shader working directory is 0 characters bigger than the processId version (../../../../../selfSpace/UEProje/EditExtend01/Intermediate/Shaders/WorkingDirectory/15320/).
[2019.06.03-03.47.37:149][  0]LogShaderCompilers: Cleaned the shader compiler working directory 'C:/Users/admin/AppData/Local/Temp/UnrealShaderWorkingDir/FE3783BF4005FC49E27ABB8BE0E5EC15/'.
[2019.06.03-03.47.37:151][  0]LogXGEController: Cleaning working directory: C:/Users/admin/AppData/Local/Temp/UnrealXGEWorkingDir/
[2019.06.03-03.47.37:152][  0]LogXGEController: Cannot use XGE Controller as Incredibuild is not installed on this machine.
[2019.06.03-03.47.37:153][  0]LogShaderCompilers: Cannot use XGE Shader Compiler as Incredibuild is not installed on this machine.
[2019.06.03-03.47.37:153][  0]LogShaderCompilers: Display: Using Local Shader Compiler.
[2019.06.03-03.47.37:846][  0]LogDerivedDataCache: Display: Max Cache Size: 512 MB
[2019.06.03-03.47.37:899][  0]LogDerivedDataCache: Loaded boot cache 0.05s 71MB C:/Users/admin/AppData/Local/UnrealEngine/4.21/DerivedDataCache/Boot.ddc.
[2019.06.03-03.47.37:899][  0]LogDerivedDataCache: Display: Loaded Boot cache: C:/Users/admin/AppData/Local/UnrealEngine/4.21/DerivedDataCache/Boot.ddc
[2019.06.03-03.47.37:900][  0]LogDerivedDataCache: FDerivedDataBackendGraph:  Pak pak cache file ../../../../../selfSpace/UEProje/EditExtend01/DerivedDataCache/DDC.ddp not found, will not use a pak cache.
[2019.06.03-03.47.37:900][  0]LogDerivedDataCache: Unable to find inner node Pak for hierarchical cache Hierarchy.
[2019.06.03-03.47.37:900][  0]LogDerivedDataCache: FDerivedDataBackendGraph:  CompressedPak pak cache file ../../../../../selfSpace/UEProje/EditExtend01/DerivedDataCache/Compressed.ddp not found, will not use a pak cache.
[2019.06.03-03.47.37:900][  0]LogDerivedDataCache: Unable to find inner node CompressedPak for hierarchical cache Hierarchy.
[2019.06.03-03.47.37:920][  0]LogDerivedDataCache: Display: Pak cache opened for reading ../../../Engine/DerivedDataCache/Compressed.ddp.
[2019.06.03-03.47.37:920][  0]LogDerivedDataCache: FDerivedDataBackendGraph:  EnterprisePak pak cache file ../../../Enterprise/DerivedDataCache/Compressed.ddp not found, will not use a pak cache.
[2019.06.03-03.47.37:920][  0]LogDerivedDataCache: Unable to find inner node EnterprisePak for hierarchical cache Hierarchy.
[2019.06.03-03.47.37:934][  0]LogDerivedDataCache: Using Local data cache path C:/Users/admin/AppData/Local/UnrealEngine/Common/DerivedDataCache: Writable
[2019.06.03-03.47.37:934][  0]LogDerivedDataCache: Shared data cache path not found in *engine.ini, will not use an Shared cache.
[2019.06.03-03.47.37:934][  0]LogDerivedDataCache: Unable to find inner node Shared for hierarchical cache Hierarchy.
[2019.06.03-03.47.37:964][  0]LogMaterial: Verifying Global Shaders for PCD3D_SM5
[2019.06.03-03.47.37:965][  0]LogSlate: Using FreeType 2.6.0
[2019.06.03-03.47.37:966][  0]LogSlate: SlateFontServices - WITH_FREETYPE: 1, WITH_HARFBUZZ: 1
[2019.06.03-03.47.38:070][  0]LogAssetRegistry: FAssetRegistry took 0.0395 seconds to start up
[2019.06.03-03.47.38:472][  0]LogInit: Selected Device Profile: [Windows]
[2019.06.03-03.47.38:681][  0]LogSimplygon: Simplygon DLL not present - disabling.
[2019.06.03-03.47.38:690][  0]LogMeshReduction: Using SimplygonSwarm for distributed automatic mesh merging
[2019.06.03-03.47.38:690][  0]LogMeshReduction: Using ProxyLODMeshReduction for automatic mesh merging
[2019.06.03-03.47.38:690][  0]LogMeshReduction: Using QuadricMeshReduction for automatic static mesh reduction
[2019.06.03-03.47.38:690][  0]LogMeshReduction: No automatic skeletal mesh reduction module available
[2019.06.03-03.47.38:707][  0]LogNetVersion: EditExtend01 1.0.0, NetCL: 4541578, EngineNetVer: 5, GameNetVer: 0 (Checksum: 4216190120)
[2019.06.03-03.47.39:261][  0]LogPackageLocalizationCache: Processed 11 localized package path(s) for 1 prioritized culture(s) in 0.050647 seconds
[2019.06.03-03.47.39:268][  0]LogUObjectArray: 39775 objects as part of root set at end of initial load.
[2019.06.03-03.47.39:268][  0]LogUObjectAllocator: 6914656 out of 0 bytes used by permanent object pool.
[2019.06.03-03.47.39:268][  0]LogUObjectArray: CloseDisregardForGC: 0/0 objects in disregard for GC pool
[2019.06.03-03.47.40:368][  0]LogTcpMessaging: Initializing TcpMessaging bridge
[2019.06.03-03.47.40:386][  0]LogUdpMessaging: Initializing bridge on interface 0.0.0.0:0 to multicast group 230.0.0.1:6666.
[2019.06.03-03.47.41:214][  0]SourceControl: Source control is disabled
[2019.06.03-03.47.41:214][  0]SourceControl: Source control is disabled
[2019.06.03-03.47.41:219][  0]SourceControl: Source control is disabled
[2019.06.03-03.47.41:223][  0]SourceControl: Source control is disabled
[2019.06.03-03.47.41:520][  0]LogAndroidPermission: UAndroidPermissionCallbackProxy::GetInstance
[2019.06.03-03.47.41:717][  0]LogOcInput: OculusInput pre-init called
[2019.06.03-03.47.42:494][  0]LogEngine: Initializing Engine...
[2019.06.03-03.47.42:496][  0]LogHMD: Failed to initialize OpenVR with code 110
[2019.06.03-03.47.42:498][  0]LogStats: UGameplayTagsManager::ConstructGameplayTagTree: ImportINI prefixes -  0.000 s
[2019.06.03-03.47.42:498][  0]LogStats: UGameplayTagsManager::ConstructGameplayTagTree: Construct from data asset -  0.000 s
[2019.06.03-03.47.42:498][  0]LogStats: UGameplayTagsManager::ConstructGameplayTagTree: ImportINI -  0.000 s
[2019.06.03-03.47.42:499][  0]LogStats: UGameplayTagsManager::ConstructGameplayTagTree: GameplayTagTreeChangedEvent.Broadcast -  0.000 s
[2019.06.03-03.47.42:778][  0]LogInit: Initializing FReadOnlyCVARCache
[2019.06.03-03.47.42:792][  0]LogAIModule: Creating AISystem for world Untitled
[2019.06.03-03.47.42:836][  0]LogInit: XAudio2 using '扬声器 (Realtek High Definition Audio)' : 2 channels at 48 kHz using 32 bits per sample (channel mask 0x3)
[2019.06.03-03.47.42:918][  0]LogInit: FAudioDevice initialized.
[2019.06.03-03.47.42:918][  0]LogNetVersion: Set ProjectVersion to 1.0.0.0. Version Checksum will be recalculated on next use.
[2019.06.03-03.47.43:005][  0]LogDerivedDataCache: Saved boot cache 0.09s 71MB C:/Users/admin/AppData/Local/UnrealEngine/4.21/DerivedDataCache/Boot.ddc.
[2019.06.03-03.47.43:009][  0]LogInit: Texture streaming: Enabled
[2019.06.03-03.47.43:041][  0]LogEngineSessionManager: EngineSessionManager initialized
[2019.06.03-03.47.43:041][  0]LogEngineSessionManager: EngineSessionManager sent abnormal shutdown report. Type=AbnormalShutdown, SessionId={4C97CDE7-4840-62B1-9600-2B8B0258C6E8}
[2019.06.03-03.47.43:041][  0]LogEngineSessionManager: EngineSessionManager sent abnormal shutdown report. Type=Debugger, SessionId={CA70A8BB-4984-DDB4-D6BC-46A0BE699D5C}
[2019.06.03-03.47.43:051][  0]LogInit: Transaction tracking system initialized
[2019.06.03-03.47.43:088][  0]BlueprintLog: New page: Editor Load
[2019.06.03-03.47.43:206][  0]LocalizationService: Localization service is disabled
[2019.06.03-03.47.43:754][  0]LogFileCache: Scanning file cache for directory 'F:/selfSpace/UEProje/EditExtend01/Content/' took 0.01s
[2019.06.03-03.47.43:754][  0]LogCook: Display: Max memory allowance for cook 16384mb min free memory 0mb
[2019.06.03-03.47.43:755][  0]LogCook: Display: Mobile HDR setting 1
[2019.06.03-03.47.43:755][  0]LogGameplayTags: Display: UGameplayTagsManager::DoneAddingNativeTags. DelegateIsBound: 0
[2019.06.03-03.47.43:755][  0]LogStats: UGameplayTagsManager::ConstructGameplayTagTree: ImportINI prefixes -  0.000 s
[2019.06.03-03.47.43:755][  0]LogStats: UGameplayTagsManager::ConstructGameplayTagTree: Construct from data asset -  0.000 s
[2019.06.03-03.47.43:755][  0]LogStats: UGameplayTagsManager::ConstructGameplayTagTree: ImportINI -  0.000 s
[2019.06.03-03.47.43:755][  0]LogStats: UGameplayTagsManager::ConstructGameplayTagTree: GameplayTagTreeChangedEvent.Broadcast -  0.000 s
[2019.06.03-03.47.43:968][  0]SourceControl: Source control is disabled
[2019.06.03-03.47.43:969][  0]Cmd: MAP LOAD FILE="../../../../../selfSpace/UEProje/EditExtend01/Content/StarterContent/Maps/Minimal_Default.umap" TEMPLATE=0 SHOWPROGRESS=1 FEATURELEVEL=3
[2019.06.03-03.47.43:969][  0]LightingResults: New page: Lighting Build
[2019.06.03-03.47.43:972][  0]MapCheck: New page: Map Check
[2019.06.03-03.47.43:972][  0]LightingResults: New page: Lighting Build
[2019.06.03-03.47.44:350][  0]LogAIModule: Creating AISystem for world Minimal_Default
[2019.06.03-03.47.44:364][  0]LogEditorServer: Finished looking for orphan Actors (0.000 secs)
[2019.06.03-03.47.44:404][  0]Cmd: MAP CHECKDEP NOCLEARLOG
[2019.06.03-03.47.44:404][  0]MapCheck: Map check complete: 0 Error(s), 0 Warning(s), took 0.232ms to complete.
[2019.06.03-03.47.44:404][  0]LogFileHelpers: Loading map 'Minimal_Default' took 0.436
[2019.06.03-03.47.44:516][  0]LogSlate: Updating window title bar state: overlay mode, drag disabled, window buttons hidden, title bar hidden
[2019.06.03-03.47.44:525][  0]LogSlate: Updating window title bar state: overlay mode, drag disabled, window buttons hidden, title bar hidden
[2019.06.03-03.47.44:534][  0]LogSlate: Updating window title bar state: overlay mode, drag disabled, window buttons hidden, title bar hidden
[2019.06.03-03.47.44:544][  0]LogSlate: Updating window title bar state: overlay mode, drag disabled, window buttons hidden, title bar hidden
[2019.06.03-03.47.44:552][  0]LogCollectionManager: Loaded 0 collections in 0.000914 seconds
[2019.06.03-03.47.44:601][  0]LogFileCache: Scanning file cache for directory 'F:/selfSpace/UEProje/EditExtend01/Saved/Collections/' took 0.01s
[2019.06.03-03.47.44:601][  0]LogFileCache: Scanning file cache for directory 'F:/selfSpace/UEProje/EditExtend01/Content/Developers/admin/Collections/' took 0.01s
[2019.06.03-03.47.44:602][  0]LogFileCache: Scanning file cache for directory 'F:/selfSpace/UEProje/EditExtend01/Content/Collections/' took 0.02s
[2019.06.03-03.47.44:602][  0]LogCollectionManager: Rebuilt the GUID cache for 0 collections in 0.000000 seconds
[2019.06.03-03.47.44:613][  0]LogContentBrowser: Native class hierarchy populated in 0.0107 seconds. Added 2652 classes and 622 folders.
[2019.06.03-03.47.44:619][  0]LogContentBrowser: Native class hierarchy updated for 'WidgetCarousel' in 0.0004 seconds. Added 0 classes and 0 folders.
[2019.06.03-03.47.44:621][  0]LogPakFile: Registered encryption key '00000000000000000000000000000000': 0 pak files mounted, 0 remain pending
[2019.06.03-03.47.44:621][  0]LogPakFile: Registered encryption key '00000000000000000000000000000000': 0 pak files mounted, 0 remain pending
[2019.06.03-03.47.44:622][  0]LogPakFile: Registered encryption key '00000000000000000000000000000000': 0 pak files mounted, 0 remain pending
[2019.06.03-03.47.44:623][  0]LogPakFile: Registered encryption key '00000000000000000000000000000000': 0 pak files mounted, 0 remain pending
[2019.06.03-03.47.44:623][  0]LogPakFile: Registered encryption key '00000000000000000000000000000000': 0 pak files mounted, 0 remain pending
[2019.06.03-03.47.44:624][  0]LogPakFile: Registered encryption key '00000000000000000000000000000000': 0 pak files mounted, 0 remain pending
[2019.06.03-03.47.44:625][  0]LogPakFile: Registered encryption key '00000000000000000000000000000000': 0 pak files mounted, 0 remain pending
[2019.06.03-03.47.44:625][  0]LogPakFile: Registered encryption key '00000000000000000000000000000000': 0 pak files mounted, 0 remain pending
[2019.06.03-03.47.44:626][  0]LogPakFile: Registered encryption key '00000000000000000000000000000000': 0 pak files mounted, 0 remain pending
[2019.06.03-03.47.44:627][  0]LogPakFile: Registered encryption key '00000000000000000000000000000000': 0 pak files mounted, 0 remain pending
[2019.06.03-03.47.44:627][  0]LogPakFile: Registered encryption key '00000000000000000000000000000000': 0 pak files mounted, 0 remain pending
[2019.06.03-03.47.44:628][  0]LogPakFile: Registered encryption key '00000000000000000000000000000000': 0 pak files mounted, 0 remain pending
[2019.06.03-03.47.44:629][  0]LogPakFile: Registered encryption key '00000000000000000000000000000000': 0 pak files mounted, 0 remain pending
[2019.06.03-03.47.44:629][  0]LogPakFile: Registered encryption key '00000000000000000000000000000000': 0 pak files mounted, 0 remain pending
[2019.06.03-03.47.44:630][  0]LogPakFile: Registered encryption key '00000000000000000000000000000000': 0 pak files mounted, 0 remain pending
[2019.06.03-03.47.44:631][  0]LogPakFile: Registered encryption key '00000000000000000000000000000000': 0 pak files mounted, 0 remain pending
[2019.06.03-03.47.44:631][  0]LogPakFile: Registered encryption key '00000000000000000000000000000000': 0 pak files mounted, 0 remain pending
[2019.06.03-03.47.44:632][  0]LogPakFile: Registered encryption key '00000000000000000000000000000000': 0 pak files mounted, 0 remain pending
[2019.06.03-03.47.44:633][  0]LogPakFile: Registered encryption key '00000000000000000000000000000000': 0 pak files mounted, 0 remain pending
[2019.06.03-03.47.44:633][  0]LogPakFile: Registered encryption key '00000000000000000000000000000000': 0 pak files mounted, 0 remain pending
[2019.06.03-03.47.44:634][  0]LogPakFile: Registered encryption key '00000000000000000000000000000000': 0 pak files mounted, 0 remain pending
[2019.06.03-03.47.44:635][  0]LogPakFile: Registered encryption key '00000000000000000000000000000000': 0 pak files mounted, 0 remain pending
[2019.06.03-03.47.44:635][  0]LogPakFile: Registered encryption key '00000000000000000000000000000000': 0 pak files mounted, 0 remain pending
[2019.06.03-03.47.44:636][  0]LogPakFile: Registered encryption key '00000000000000000000000000000000': 0 pak files mounted, 0 remain pending
[2019.06.03-03.47.44:637][  0]LogPakFile: Registered encryption key '00000000000000000000000000000000': 0 pak files mounted, 0 remain pending
[2019.06.03-03.47.44:637][  0]LogPakFile: Registered encryption key '00000000000000000000000000000000': 0 pak files mounted, 0 remain pending
[2019.06.03-03.47.44:662][  0]LogContentBrowser: Native class hierarchy updated for 'AddContentDialog' in 0.0004 seconds. Added 0 classes and 0 folders.
[2019.06.03-03.47.44:672][  0]LogContentBrowser: Native class hierarchy updated for 'WorldBrowser' in 0.0004 seconds. Added 2 classes and 3 folders.
[2019.06.03-03.47.44:680][  0]LogContentBrowser: Native class hierarchy updated for 'SceneOutliner' in 0.0004 seconds. Added 1 classes and 2 folders.
[2019.06.03-03.47.44:757][  0]LogSlate: Took 0.000158 seconds to synchronously load lazily loaded font '../../../Engine/Content/Slate/Fonts/Roboto-Regular.ttf' (155K)
[2019.06.03-03.47.44:761][  0]LogSlate: Took 0.000145 seconds to synchronously load lazily loaded font '../../../Engine/Content/Slate/Fonts/Roboto-Bold.ttf' (160K)
[2019.06.03-03.47.44:766][  0]LogSlate: Took 0.000157 seconds to synchronously load lazily loaded font '../../../Engine/Content/Editor/Slate/Fonts/FontAwesome.ttf' (139K)
[2019.06.03-03.47.44:859][  0]LogRenderer: Reallocating scene render targets to support 1012x464 Format 10 NumSamples 1 (Frame:1).
[2019.06.03-03.47.45:001][  0]LogContentBrowser: Native class hierarchy updated for 'HierarchicalLODOutliner' in 0.0004 seconds. Added 0 classes and 0 folders.
[2019.06.03-03.47.45:001][  0]LogLoad: (Engine Initialization) Total time: 12.16 seconds
[2019.06.03-03.47.45:001][  0]LogLoad: (Engine Initialization) Total Blueprint compile time: 0.00 seconds
[2019.06.03-03.47.45:062][  0]LogContentStreaming: Texture pool size now 1000 MB
[2019.06.03-03.47.45:090][  0]LogSlate: Took 0.000141 seconds to synchronously load lazily loaded font '../../../Engine/Content/Slate/Fonts/Roboto-Light.ttf' (167K)
[2019.06.03-03.47.45:169][  2]LogAssetRegistry: Asset discovery search completed in 7.1241 seconds
[2019.06.03-03.47.45:171][  2]LogCollectionManager: Rebuilt the object cache for 0 collections in 0.000000 seconds (found 0 objects)
[2019.06.03-03.47.45:171][  2]LogCollectionManager: Fixed up redirectors for 0 collections in 0.000143 seconds (updated 0 objects)
[2019.06.03-03.56.06:061][734]LogSlate: FSceneViewport::OnFocusLost() reason 2
[2019.06.03-03.56.07:378][734]LogSlate: Window 'Message' being destroyed
[2019.06.03-03.56.07:385][734]LogSlate: FSceneViewport::OnFocusLost() reason 0
[2019.06.03-03.56.12:851][261]LogSlate: Window 'Message' being destroyed
[2019.06.03-05.57.01:873][ 91]LogSlate: Window 'Message' being destroyed
[2019.06.03-06.21.39:220][966]LogSlate: Window 'Message' being destroyed
[2019.06.03-06.30.16:231][919]Cmd: SELECT NONE
[2019.06.03-06.53.56:102][495]LogSlate: Window 'EditExtend01 - Unreal Editor' being destroyed
[2019.06.03-06.53.56:301][496]Cmd: QUIT_EDITOR
[2019.06.03-06.53.56:328][496]LogWindowsTextInputMethodSystem: Display: IME system now activated using TSF (微软拼音).
[2019.06.03-06.53.56:344][496]LogExit: Preparing to exit.
[2019.06.03-06.53.56:607][496]LogExit: Editor shut down
[2019.06.03-06.53.56:608][496]LogExit: Transaction tracking system shut down
[2019.06.03-06.53.56:924][496]LogExit: Object subsystem successfully closed.
[2019.06.03-06.53.56:969][496]LogShaderCompilers: Display: Shaders left to compile 0
[2019.06.03-06.53.56:975][496]LogD3D11RHI: Shutdown
[2019.06.03-06.53.56:975][496]LogD3D11RHI: CleanupD3DDevice
[2019.06.03-06.53.56:976][496]LogD3D11RHI: ~FD3D11DynamicRHI
[2019.06.03-06.53.57:014][496]LogModuleManager: Shutting down and abandoning module HierarchicalLODOutliner (628)
[2019.06.03-06.53.57:014][496]LogModuleManager: Shutting down and abandoning module SceneOutliner (626)
[2019.06.03-06.53.57:014][496]LogModuleManager: Shutting down and abandoning module WorldBrowser (624)
[2019.06.03-06.53.57:015][496]LogModuleManager: Shutting down and abandoning module AddContentDialog (622)
[2019.06.03-06.53.57:015][496]LogModuleManager: Shutting down and abandoning module WidgetCarousel (621)
[2019.06.03-06.53.57:015][496]LogModuleManager: Shutting down and abandoning module EditorWidgets (618)
[2019.06.03-06.53.57:015][496]LogModuleManager: Shutting down and abandoning module CollectionManager (616)
[2019.06.03-06.53.57:016][496]LogModuleManager: Shutting down and abandoning module StatsViewer (614)
[2019.06.03-06.53.57:016][496]LogModuleManager: Shutting down and abandoning module FoliageEdit (612)
[2019.06.03-06.53.57:016][496]LogModuleManager: Shutting down and abandoning module LandscapeEditor (610)
[2019.06.03-06.53.57:016][496]LogModuleManager: Shutting down and abandoning module MeshPaintMode (608)
[2019.06.03-06.53.57:016][496]LogModuleManager: Shutting down and abandoning module SceneDepthPickerMode (606)
[2019.06.03-06.53.57:017][496]LogModuleManager: Shutting down and abandoning module ActorPickerMode (604)
[2019.06.03-06.53.57:017][496]LogModuleManager: Shutting down and abandoning module GeometryMode (602)
[2019.06.03-06.53.57:017][496]LogModuleManager: Shutting down and abandoning module TextureAlignMode (600)
[2019.06.03-06.53.57:017][496]LogModuleManager: Shutting down and abandoning module BspMode (598)
[2019.06.03-06.53.57:017][496]LogModuleManager: Shutting down and abandoning module PIEPreviewDeviceProfileSelector (596)
[2019.06.03-06.53.57:017][496]LogModuleManager: Shutting down and abandoning module SequenceRecorderSections (594)
[2019.06.03-06.53.57:017][496]LogModuleManager: Shutting down and abandoning module AutomationWorker (592)
[2019.06.03-06.53.57:017][496]LogModuleManager: Shutting down and abandoning module AudioCaptureEditor (590)
[2019.06.03-06.53.57:018][496]LogModuleManager: Shutting down and abandoning module MatineeToLevelSequence (588)
[2019.06.03-06.53.57:018][496]LogModuleManager: Shutting down and abandoning module LevelSequenceEditor (586)
[2019.06.03-06.53.57:018][496]LogModuleManager: Shutting down and abandoning module PlacementMode (585)
[2019.06.03-06.53.57:018][496]LogModuleManager: Shutting down and abandoning module MaterialEditor (584)
[2019.06.03-06.53.57:018][496]LogModuleManager: Shutting down and abandoning module WmfMediaFactory (580)
[2019.06.03-06.53.57:018][496]LogModuleManager: Shutting down and abandoning module WmfMediaEditor (578)
[2019.06.03-06.53.57:018][496]LogModuleManager: Shutting down and abandoning module WebMMediaFactory (576)
[2019.06.03-06.53.57:019][496]LogModuleManager: Shutting down and abandoning module WebMMediaEditor (574)
[2019.06.03-06.53.57:019][496]LogModuleManager: Shutting down and abandoning module WebMMedia (572)
[2019.06.03-06.53.57:019][496]LogModuleManager: Shutting down and abandoning module MediaPlayerEditor (570)
[2019.06.03-06.53.57:019][496]LogModuleManager: Shutting down and abandoning module MediaCompositingEditor (568)
[2019.06.03-06.53.57:019][496]LogModuleManager: Shutting down and abandoning module SequenceRecorder (567)
[2019.06.03-06.53.57:019][496]LogModuleManager: Shutting down and abandoning module OpenExrWrapper (564)
[2019.06.03-06.53.57:019][496]LogModuleManager: Shutting down and abandoning module ImgMediaFactory (562)
[2019.06.03-06.53.57:020][496]LogModuleManager: Shutting down and abandoning module ImgMediaEditor (560)
[2019.06.03-06.53.57:020][496]LogModuleManager: Shutting down and abandoning module AvfMediaFactory (558)
[2019.06.03-06.53.57:020][496]LogModuleManager: Shutting down and abandoning module AvfMediaEditor (556)
[2019.06.03-06.53.57:020][496]LogModuleManager: Shutting down and abandoning module AndroidMediaFactory (554)
[2019.06.03-06.53.57:020][496]LogModuleManager: Shutting down and abandoning module AndroidMediaEditor (552)
[2019.06.03-06.53.57:020][496]LogModuleManager: Shutting down and abandoning module MagicLeapCameraPreviewFactory (550)
[2019.06.03-06.53.57:020][496]LogModuleManager: Shutting down and abandoning module MagicLeapMediaFactory (548)
[2019.06.03-06.53.57:020][496]LogModuleManager: Shutting down and abandoning module MagicLeapMediaEditor (546)
[2019.06.03-06.53.57:021][496]LogModuleManager: Shutting down and abandoning module CharacterAI (544)
[2019.06.03-06.53.57:021][496]LogModuleManager: Shutting down and abandoning module SmartSnapping (542)
[2019.06.03-06.53.57:021][496]LogModuleManager: Shutting down and abandoning module SessionServices (540)
[2019.06.03-06.53.57:021][496]LogModuleManager: Shutting down and abandoning module ViewportSnapping (538)
[2019.06.03-06.53.57:021][496]LogModuleManager: Shutting down and abandoning module ViewportInteraction (536)
[2019.06.03-06.53.57:021][496]LogModuleManager: Shutting down and abandoning module ClothPainter (534)
[2019.06.03-06.53.57:021][496]LogModuleManager: Shutting down and abandoning module SkeletalMeshEditor (533)
[2019.06.03-06.53.57:021][496]LogModuleManager: Shutting down and abandoning module LogVisualizer (530)
[2019.06.03-06.53.57:021][496]LogModuleManager: Shutting down and abandoning module IntroTutorials (528)
[2019.06.03-06.53.57:022][496]LogModuleManager: Shutting down and abandoning module GameProjectGeneration (527)
[2019.06.03-06.53.57:022][496]LogModuleManager: Shutting down and abandoning module LuminPlatformEditor (524)
[2019.06.03-06.53.57:022][496]LogModuleManager: Shutting down and abandoning module IOSPlatformEditor (522)
[2019.06.03-06.53.57:022][496]LogModuleManager: Shutting down and abandoning module HTML5PlatformEditor (520)
[2019.06.03-06.53.57:022][496]LogModuleManager: Shutting down and abandoning module AndroidPlatformEditor (518)
[2019.06.03-06.53.57:022][496]LogModuleManager: Shutting down and abandoning module AndroidDeviceDetection (517)
